Build started 7.11.2012 19:18:49.
     1>Project "C:\Users\Anis\Google Drive\Stuff\School\Software Design\cpp2week\cpp2wekk.vcxproj" on node 2 (build target(s)).
     1>InitializeBuildStatus:
         Creating "Debug\cpp2wekk.unsuccessfulbuild" because "AlwaysCreate" was specified.
       ClCompile:
         c:\Program Files (x86)\Microsoft Visual Studio 10.0\VC\bin\CL.exe /c /Zi /nologo /W3 /WX- /Od /Oy- /D WIN32 /D _DEBUG /D _CONSOLE /Gm /EHsc /RTC1 /MDd /GS /fp:precise /Za /Zc:wchar_t /Zc:forScope /Fo"Debug\\" /Fd"Debug\vc100.pdb" /Gd /TP /analyze- /errorReport:prompt week2.cpp
         week2.cpp
       ManifestResourceCompile:
         All outputs are up-to-date.
       Link:
         c:\Program Files (x86)\Microsoft Visual Studio 10.0\VC\bin\link.exe /ERRORREPORT:PROMPT /OUT:"C:\Users\Anis\Google Drive\Stuff\School\Software Design\cpp2week\Debug\cpp2wekk.exe" /INCREMENTAL /NOLOGO kernel32.lib user32.lib gdi32.lib winspool.lib comdlg32.lib advapi32.lib shell32.lib ole32.lib oleaut32.lib uuid.lib odbc32.lib odbccp32.lib /MANIFEST /ManifestFile:"Debug\cpp2wekk.exe.intermediate.manifest" /MANIFESTUAC:"level='asInvoker' uiAccess='false'" /DEBUG /PDB:"C:\Users\Anis\Google Drive\Stuff\School\Software Design\cpp2week\Debug\cpp2wekk.pdb" /SUBSYSTEM:CONSOLE /TLBID:1 /DYNAMICBASE /NXCOMPAT /IMPLIB:"C:\Users\Anis\Google Drive\Stuff\School\Software Design\cpp2week\Debug\cpp2wekk.lib" /MACHINE:X86 Debug\cpp2wekk.exe.embed.manifest.res
         Debug\week2.obj
       Manifest:
         C:\Program Files (x86)\Microsoft SDKs\Windows\v7.0A\bin\mt.exe /nologo /verbose /out:"Debug\cpp2wekk.exe.embed.manifest" /manifest Debug\cpp2wekk.exe.intermediate.manifest
         All outputs are up-to-date.
       LinkEmbedManifest:
         All outputs are up-to-date.
         cpp2wekk.vcxproj -> C:\Users\Anis\Google Drive\Stuff\School\Software Design\cpp2week\Debug\cpp2wekk.exe
       FinalizeBuildStatus:
         Deleting file "Debug\cpp2wekk.unsuccessfulbuild".
         Touching "Debug\cpp2wekk.lastbuildstate".
     1>Done Building Project "C:\Users\Anis\Google Drive\Stuff\School\Software Design\cpp2week\cpp2wekk.vcxproj" (build target(s)).

Build succeeded.

Time Elapsed 00:00:01.00
